This file contains any messages produced by compilers while
running configure, to aid debugging if configure makes a mistake.

It was created by webServerForUsers configure 0.0.5A, which was
generated by GNU Autoconf 2.71.  Invocation command line was

  $ ./configure

## --------- ##
## Platform. ##
## --------- ##

hostname = Vihaan-PC
uname -m = x86_64
uname -r = 5.15.146.1-microsoft-standard-WSL2
uname -s = Linux
uname -v = #1 SMP Thu Jan 11 04:09:03 UTC 2024

/usr/bin/uname -p = unknown
/bin/uname -X     = unknown

/bin/arch              = x86_64
/usr/bin/arch -k       = unknown
/usr/convex/getsysinfo = unknown
/usr/bin/hostinfo      = unknown
/bin/machine           = unknown
/usr/bin/oslevel       = unknown
/bin/universe          = unknown

PATH: /root/.local/bin/
PATH: /root/.local/bin/
PATH: /root/.vscode-server/bin/e170252f762678dec6ca2cc69aba1570769a5d39/bin/remote-cli/
PATH: /root/.local/bin/
PATH: /usr/local/sbin/
PATH: /usr/local/bin/
PATH: /usr/sbin/
PATH: /usr/bin/
PATH: /sbin/
PATH: /bin/
PATH: /usr/games/
PATH: /usr/local/games/
PATH: /usr/lib/wsl/lib/
PATH: /mnt/c/WINDOWS/system32/
PATH: /mnt/c/WINDOWS/
PATH: /mnt/c/WINDOWS/System32/Wbem/
PATH: /mnt/c/WINDOWS/System32/WindowsPowerShell/v1.0/
PATH: /mnt/c/WINDOWS/System32/OpenSSH/
PATH: /mnt/c/Program Files/dotnet/
PATH: /mnt/c/Users/prash/AppData/Local/Programs/Python/Launcher/
PATH: /mnt/c/Users/prash/AppData/Local/Microsoft/WindowsApps/
PATH: /mnt/c/Users/prash/AppData/Local/Programs/Microsoft VS Code/bin/
PATH: /mnt/c/Users/prash/go/bin/
PATH: /mnt/c/Program Files/MariaDB 11.3/bin/
PATH: /mnt/c/Program Files/Git/cmd/
PATH: /mnt/c/Program Files/Docker/Docker/resources/bin/
PATH: /mnt/c/Program Files/Go/bin/
PATH: /mnt/c/Users/prash/AppData/Local/Programs/Python/Launcher/
PATH: /mnt/c/Users/prash/AppData/Local/Microsoft/WindowsApps/
PATH: /mnt/c/Program Files/MariaDB 11.3/bin/
PATH: /mnt/c/Users/prash/AppData/Local/Programs/Microsoft VS Code/bin/
PATH: /mnt/c/Users/prash/go/bin/
PATH: /usr/bin/Postman/
PATH: /usr/bin/Postman/
PATH: /usr/bin/Postman/


## ----------- ##
## Core tests. ##
## ----------- ##

configure:1724: Configuring
configure:1868: creating ./config.status

## ---------------------- ##
## Running config.status. ##
## ---------------------- ##

This file was extended by webServerForUsers config.status 0.0.5A, which was
generated by GNU Autoconf 2.71.  Invocation command line was

  CONFIG_FILES    = 
  CONFIG_HEADERS  = 
  CONFIG_LINKS    = 
  CONFIG_COMMANDS = 
  $ ./config.status 

on Vihaan-PC


## ---------------- ##
## Cache variables. ##
## ---------------- ##

ac_cv_env_build_alias_set=
ac_cv_env_build_alias_value=
ac_cv_env_host_alias_set=
ac_cv_env_host_alias_value=
ac_cv_env_target_alias_set=
ac_cv_env_target_alias_value=

## ----------------- ##
## Output variables. ##
## ----------------- ##

DEFS='-DPACKAGE_NAME=\"webServerForUsers\" -DPACKAGE_TARNAME=\"webserverforusers\" -DPACKAGE_VERSION=\"0.0.5A\" -DPACKAGE_STRING=\"webServerForUsers\ 0.0.5A\" -DPACKAGE_BUGREPORT=\"\" -DPACKAGE_URL=\"\"'
ECHO_C=''
ECHO_N='-n'
ECHO_T=''
LIBOBJS=''
LIBS=''
LTLIBOBJS=''
PACKAGE_BUGREPORT=''
PACKAGE_NAME='webServerForUsers'
PACKAGE_STRING='webServerForUsers 0.0.5A'
PACKAGE_TARNAME='webserverforusers'
PACKAGE_URL=''
PACKAGE_VERSION='0.0.5A'
PATH_SEPARATOR=':'
SHELL='/bin/bash'
bindir='${exec_prefix}/bin'
build_alias=''
datadir='${datarootdir}'
datarootdir='${prefix}/share'
docdir='${datarootdir}/doc/${PACKAGE_TARNAME}'
dvidir='${docdir}'
exec_prefix='${prefix}'
host_alias=''
htmldir='${docdir}'
includedir='${prefix}/include'
infodir='${datarootdir}/info'
libdir='${exec_prefix}/lib'
libexecdir='${exec_prefix}/libexec'
localedir='${datarootdir}/locale'
localstatedir='${prefix}/var'
mandir='${datarootdir}/man'
oldincludedir='/usr/include'
pdfdir='${docdir}'
prefix='/usr/local'
program_transform_name='s,x,x,'
psdir='${docdir}'
runstatedir='${localstatedir}/run'
sbindir='${exec_prefix}/sbin'
sharedstatedir='${prefix}/com'
sysconfdir='${prefix}/etc'
target_alias=''

## ----------- ##
## confdefs.h. ##
## ----------- ##

/* confdefs.h */
#define PACKAGE_NAME "webServerForUsers"
#define PACKAGE_TARNAME "webserverforusers"
#define PACKAGE_VERSION "0.0.5A"
#define PACKAGE_STRING "webServerForUsers 0.0.5A"
#define PACKAGE_BUGREPORT ""
#define PACKAGE_URL ""

configure: exit 2
